<?xml version="1.0" encoding="UTF-8"?>
<!-- Generated by org.testng.reporters.JUnitXMLReporter -->
<testsuite ignored="0" hostname="Jintu" failures="0" tests="4" name="Default test" time="0.17" errors="0" timestamp="2022-04-13T09:56:59 IST">
  <testcase classname="tests.PriorityTestNG" name="TE" time="0.024"/>
  <testcase classname="tests.PriorityTestNG" name="Ta" time="0.002"/>
  <testcase classname="tests.PriorityTestNG" name="Tb" time="0.003"/>
  <testcase classname="tests.PriorityTestNG" name="TD" time="0.002"/>
</testsuite> <!-- Default test -->
