<?xml version="1.0" encoding="UTF-8"?>
<testng-results ignored="0" total="1" passed="1" failed="0" skipped="0">
  <reporter-output>
  </reporter-output>
  <suite started-at="2022-05-25T12:52:18 IST" name="Default suite" finished-at="2022-05-25T12:52:48 IST" duration-ms="30747">
    <groups>
    </groups>
    <test started-at="2022-05-25T12:52:18 IST" name="Default test" finished-at="2022-05-25T12:52:48 IST" duration-ms="30747">
      <class name="tests.TC01_VerifyLoginPage">
        <test-method is-config="true" signature="BeforeSuite()[pri:0, instance:tests.TC01_VerifyLoginPage@48aca48b]" started-at="2022-05-25T12:52:17 IST" name="BeforeSuite" finished-at="2022-05-25T12:52:18 IST" duration-ms="422" status="PASS">
          <reporter-output>
          </reporter-output>
        </test-method> <!-- BeforeSuite -->
        <test-method is-config="true" signature="launchBrowser(java.lang.reflect.Method)[pri:0, instance:tests.TC01_VerifyLoginPage@48aca48b]" started-at="2022-05-25T12:52:18 IST" name="launchBrowser" finished-at="2022-05-25T12:52:31 IST" duration-ms="13665" status="PASS">
          <params>
            <param index="0">
              <value>
                <![CDATA[public void tests.TC01_VerifyLoginPage.TC_01_VerifyLoginPage()]]>
              </value>
            </param>
          </params>
          <reporter-output>
          </reporter-output>
        </test-method> <!-- launchBrowser -->
        <test-method signature="TC_01_VerifyLoginPage()[pri:0, instance:tests.TC01_VerifyLoginPage@48aca48b]" started-at="2022-05-25T12:52:31 IST" name="TC_01_VerifyLoginPage" finished-at="2022-05-25T12:52:46 IST" duration-ms="14598" status="PASS">
          <reporter-output>
          </reporter-output>
        </test-method> <!-- TC_01_VerifyLoginPage -->
        <test-method is-config="true" signature="closeBrowser()[pri:0, instance:tests.TC01_VerifyLoginPage@48aca48b]" started-at="2022-05-25T12:52:46 IST" name="closeBrowser" finished-at="2022-05-25T12:52:48 IST" duration-ms="2437" status="PASS">
          <reporter-output>
          </reporter-output>
        </test-method> <!-- closeBrowser -->
        <test-method is-config="true" signature="toEnd()[pri:0, instance:tests.TC01_VerifyLoginPage@48aca48b]" started-at="2022-05-25T12:52:48 IST" name="toEnd" finished-at="2022-05-25T12:53:02 IST" duration-ms="13237" status="PASS">
          <reporter-output>
          </reporter-output>
        </test-method> <!-- toEnd -->
      </class> <!-- tests.TC01_VerifyLoginPage -->
    </test> <!-- Default test -->
  </suite> <!-- Default suite -->
</testng-results>
