<?xml version="1.0" encoding="UTF-8"?>
<testng-results ignored="0" total="4" passed="4" failed="0" skipped="0">
  <reporter-output>
  </reporter-output>
  <suite started-at="2022-04-13T09:56:58 IST" name="Default suite" finished-at="2022-04-13T09:56:58 IST" duration-ms="170">
    <groups>
    </groups>
    <test started-at="2022-04-13T09:56:58 IST" name="Default test" finished-at="2022-04-13T09:56:58 IST" duration-ms="170">
      <class name="tests.PriorityTestNG">
        <test-method signature="TE()[pri:0, instance:tests.PriorityTestNG@7205765b]" started-at="2022-04-13T09:56:58 IST" name="TE" finished-at="2022-04-13T09:56:58 IST" duration-ms="24" status="PASS">
          <reporter-output>
          </reporter-output>
        </test-method> <!-- TE -->
        <test-method signature="Ta()[pri:0, instance:tests.PriorityTestNG@7205765b]" started-at="2022-04-13T09:56:58 IST" name="Ta" finished-at="2022-04-13T09:56:58 IST" duration-ms="2" status="PASS">
          <reporter-output>
          </reporter-output>
        </test-method> <!-- Ta -->
        <test-method signature="Tb()[pri:0, instance:tests.PriorityTestNG@7205765b]" started-at="2022-04-13T09:56:58 IST" name="Tb" finished-at="2022-04-13T09:56:58 IST" duration-ms="3" status="PASS">
          <reporter-output>
          </reporter-output>
        </test-method> <!-- Tb -->
        <test-method signature="TD()[pri:1, instance:tests.PriorityTestNG@7205765b]" started-at="2022-04-13T09:56:58 IST" name="TD" finished-at="2022-04-13T09:56:58 IST" duration-ms="2" status="PASS">
          <reporter-output>
          </reporter-output>
        </test-method> <!-- TD -->
      </class> <!-- tests.PriorityTestNG -->
    </test> <!-- Default test -->
  </suite> <!-- Default suite -->
</testng-results>
